Determining if the pthread_create exist failed with the following output:
Change Dir: /home/natan/HashTable/build/CMakeFiles/CMakeTmp

Run Build Command:"/usr/bin/make" "cmTC_1faa9/fast"
/usr/bin/make -f CMakeFiles/cmTC_1faa9.dir/build.make CMakeFiles/cmTC_1faa9.dir/build
make[1]: Entering directory '/home/natan/HashTable/build/CMakeFiles/CMakeTmp'
Building CXX object CMakeFiles/cmTC_1faa9.dir/CheckSymbolExists.cxx.o
/usr/bin/c++     -o CMakeFiles/cmTC_1faa9.dir/CheckSymbolExists.cxx.o -c /home/natan/HashTable/build/CMakeFiles/CMakeTmp/CheckSymbolExists.cxx
Linking CXX executable cmTC_1faa9
/usr/bin/cmake -E cmake_link_script CMakeFiles/cmTC_1faa9.dir/link.txt --verbose=1
/usr/bin/c++       CMakeFiles/cmTC_1faa9.dir/CheckSymbolExists.cxx.o  -o cmTC_1faa9 
CMakeFiles/cmTC_1faa9.dir/CheckSymbolExists.cxx.o: Na função "main":
CheckSymbolExists.cxx:(.text+0x1b): referência não definida para "pthread_create"
collect2: error: ld returned 1 exit status
CMakeFiles/cmTC_1faa9.dir/build.make:97: recipe for target 'cmTC_1faa9' failed
make[1]: *** [cmTC_1faa9] Error 1
make[1]: Leaving directory '/home/natan/HashTable/build/CMakeFiles/CMakeTmp'
Makefile:126: recipe for target 'cmTC_1faa9/fast' failed
make: *** [cmTC_1faa9/fast] Error 2

File /home/natan/HashTable/build/CMakeFiles/CMakeTmp/CheckSymbolExists.cxx:
/* */
#include <pthread.h>

int main(int argc, char** argv)
{
  (void)argv;
#ifndef pthread_create
  return ((int*)(&pthread_create))[argc];
#else
  (void)argc;
  return 0;
#endif
}

Determining if the function pthread_create exists in the pthreads failed with the following output:
Change Dir: /home/natan/HashTable/build/CMakeFiles/CMakeTmp

Run Build Command:"/usr/bin/make" "cmTC_5dce0/fast"
/usr/bin/make -f CMakeFiles/cmTC_5dce0.dir/build.make CMakeFiles/cmTC_5dce0.dir/build
make[1]: Entering directory '/home/natan/HashTable/build/CMakeFiles/CMakeTmp'
Building CXX object CMakeFiles/cmTC_5dce0.dir/CheckFunctionExists.cxx.o
/usr/bin/c++    -DCHECK_FUNCTION_EXISTS=pthread_create   -o CMakeFiles/cmTC_5dce0.dir/CheckFunctionExists.cxx.o -c /home/natan/HashTable/build/CMakeFiles/CheckLibraryExists/CheckFunctionExists.cxx
Linking CXX executable cmTC_5dce0
/usr/bin/cmake -E cmake_link_script CMakeFiles/cmTC_5dce0.dir/link.txt --verbose=1
/usr/bin/c++   -DCHECK_FUNCTION_EXISTS=pthread_create    CMakeFiles/cmTC_5dce0.dir/CheckFunctionExists.cxx.o  -o cmTC_5dce0 -lpthreads 
/usr/bin/ld: não foi possível localizar -lpthreads
collect2: error: ld returned 1 exit status
CMakeFiles/cmTC_5dce0.dir/build.make:97: recipe for target 'cmTC_5dce0' failed
make[1]: *** [cmTC_5dce0] Error 1
make[1]: Leaving directory '/home/natan/HashTable/build/CMakeFiles/CMakeTmp'
Makefile:126: recipe for target 'cmTC_5dce0/fast' failed
make: *** [cmTC_5dce0/fast] Error 2


